#
# A fatal error has been detected by the Java Runtime Environment:
#
#  EXCEPTION_ACCESS_VIOLATION (0xc0000005) at pc=0x0000000055e7bab0, pid=10388, tid=9692
#
# JRE version: Java(TM) SE Runtime Environment (8.0_20-b26) (build 1.8.0_20-b26)
# Java VM: Java HotSpot(TM) 64-Bit Server VM (25.20-b23 mixed mode windows-amd64 compressed oops)
# Problematic frame:
# V  [jvm.dll+0xebab0]
#
# Failed to write core dump. Minidumps are not enabled by default on client versions of Windows
#
# If you would like to submit a bug report, please visit:
#   http://bugreport.sun.com/bugreport/crash.jsp
#

---------------  T H R E A D  ---------------

Current thread (0x0000000017d30000):  VMThread [stack: 0x0000000018eb0000,0x0000000018fb0000] [id=9692]

siginfo: ExceptionCode=0xc0000005, reading address 0x000000000000001b

Registers:
RAX=0x000000000000000b, RBX=0x000000002c4d6498, RCX=0x000000002c2e9260, RDX=0x000000013fd486e8
RSP=0x0000000018faf0d0, RBP=0x0000000000000003, RSI=0x0000000000000004, RDI=0x000000013fd486e8
R8 =0x000000001d5e6800, R9 =0x0000000000000004, R10=0x000000002c2e9cb8, R11=0x0000000000000005
R12=0x000000001d5e67d0, R13=0x000000002c4d6498, R14=0x000000002c4d6428, R15=0x000000001d5e6800
RIP=0x0000000055e7bab0, EFLAGS=0x0000000000010206

Top of Stack: (sp=0x0000000018faf0d0)
0x0000000018faf0d0:   0000000018faf120 0000000018faf130
0x0000000018faf0e0:   0000000000000000 0000000055e6c14b
0x0000000018faf0f0:   000000002c4d6050 0000000055e7bd27
0x0000000018faf100:   000000013fe48828 0000000000000000
0x0000000018faf110:   0000000000000005 0000000055e9005b
0x0000000018faf120:   000000013fd486e8 0000000000000000
0x0000000018faf130:   0000000019dcf760 000000002c4d6050
0x0000000018faf140:   0000000017d30000 0000000018faf2d0
0x0000000018faf150:   0000000017d30000 0000000055f43bad
0x0000000018faf160:   000000013fe48828 000000001d5e67d0
0x0000000018faf170:   0000000017d30000 0000000017d2d850
0x0000000018faf180:   0000000018faf238 000000002c2eae30
0x0000000018faf190:   0000000017d30000 0000000000000000
0x0000000018faf1a0:   0000000100000000 0000000000000000
0x0000000018faf1b0:   000000002c4e7c28 0000000017d30000
0x0000000018faf1c0:   0000000017d30000 0000000017d2f660 

Instructions: (pc=0x0000000055e7bab0)
0x0000000055e7ba90:   41 18 48 c1 e8 14 a8 01 74 06 48 8b 59 10 eb 1b
0x0000000055e7baa0:   48 8b 41 08 48 85 c0 74 44 48 8b 49 08 48 8b 01
0x0000000055e7bab0:   ff 50 10 84 c0 74 36 48 8b 5b 08 48 85 db 74 2d
0x0000000055e7bac0:   48 8b 03 48 8b cb ff 50 10 84 c0 74 20 48 85 ff 


Register to memory mapping:

RAX=0x000000000000000b is an unknown value
RBX=0x000000002c4d6498 is pointing into metadata
RCX=0x000000002c2e9260 is pointing into metadata
RDX=0x000000013fd486e8 is pointing into metadata
RSP=0x0000000018faf0d0 is an unknown value
RBP=0x0000000000000003 is an unknown value
RSI=0x0000000000000004 is an unknown value
RDI=0x000000013fd486e8 is pointing into metadata
R8 =0x000000001d5e6800 is an unknown value
R9 =0x0000000000000004 is an unknown value
R10=0x000000002c2e9cb8 is pointing into metadata
R11=0x0000000000000005 is an unknown value
R12=0x000000001d5e67d0 is an unknown value
R13=0x000000002c4d6498 is pointing into metadata
R14=0x000000002c4d6428 is pointing into metadata
R15=0x000000001d5e6800 is an unknown value


Stack: [0x0000000018eb0000,0x0000000018fb0000],  sp=0x0000000018faf0d0,  free space=1020k
Native frames: (J=compiled Java code, j=interpreted, Vv=VM code, C=native code)
V  [jvm.dll+0xebab0]
V  [jvm.dll+0xebd27]
V  [jvm.dll+0x1b3bad]
V  [jvm.dll+0x5827b]
V  [jvm.dll+0x1b713d]
V  [jvm.dll+0x1b73cb]
V  [jvm.dll+0x2312c7]
V  [jvm.dll+0x230506]
V  [jvm.dll+0x2309a1]
V  [jvm.dll+0x230bbe]
V  [jvm.dll+0x283f5a]
C  [msvcr100.dll+0x21d9f]
C  [msvcr100.dll+0x21e3b]
C  [kernel32.dll+0x1571d]
C  [ntdll.dll+0x5385d]

VM_Operation (0x0000000019dcf760): RedefineClasses, mode: safepoint, requested by thread 0x000000001926a000


---------------  P R O C E S S  ---------------

Java Threads: ( => current thread )
  0x0000000022a25000 JavaThread "http-nio-8770-Acceptor-0" daemon [_thread_in_native, id=7760, stack(0x000000002c730000,0x000000002c830000)]
  0x0000000022a24000 JavaThread "http-nio-8770-ClientPoller-1" daemon [_thread_in_native, id=9508, stack(0x0000000026f10000,0x0000000027010000)]
  0x0000000022a23800 JavaThread "http-nio-8770-ClientPoller-0" daemon [_thread_in_native, id=8536, stack(0x000000002c5d0000,0x000000002c6d0000)]
  0x0000000022a22800 JavaThread "http-nio-8770-exec-10" daemon [_thread_blocked, id=11024, stack(0x000000002bee0000,0x000000002bfe0000)]
  0x0000000022a22000 JavaThread "http-nio-8770-exec-9" daemon [_thread_blocked, id=4128, stack(0x000000002bdd0000,0x000000002bed0000)]
  0x0000000022a21000 JavaThread "http-nio-8770-exec-8" daemon [_thread_blocked, id=11108, stack(0x000000002bbd0000,0x000000002bcd0000)]
  0x000000001ced5000 JavaThread "http-nio-8770-exec-7" daemon [_thread_blocked, id=11044, stack(0x000000002baa0000,0x000000002bba0000)]
  0x000000001ced4800 JavaThread "http-nio-8770-exec-6" daemon [_thread_blocked, id=10188, stack(0x000000002b910000,0x000000002ba10000)]
  0x000000001ced3800 JavaThread "http-nio-8770-exec-5" daemon [_thread_blocked, id=12384, stack(0x000000002b7e0000,0x000000002b8e0000)]
  0x000000001cf02800 JavaThread "http-nio-8770-exec-4" daemon [_thread_blocked, id=12832, stack(0x000000002b660000,0x000000002b760000)]
  0x000000001cf06800 JavaThread "http-nio-8770-exec-3" daemon [_thread_blocked, id=11352, stack(0x000000002b500000,0x000000002b600000)]
  0x000000001cf02000 JavaThread "http-nio-8770-exec-2" daemon [_thread_blocked, id=11596, stack(0x000000002b250000,0x000000002b350000)]
  0x000000001cf01000 JavaThread "http-nio-8770-exec-1" daemon [_thread_blocked, id=11528, stack(0x000000002b140000,0x000000002b240000)]
  0x000000001cf05800 JavaThread "NioBlockingSelector.BlockPoller-2" daemon [_thread_in_native, id=10908, stack(0x0000000023df0000,0x0000000023ef0000)]
  0x000000001cf03800 JavaThread "pool-22-thread-3" [_thread_blocked, id=10568, stack(0x00000000256b0000,0x00000000257b0000)]
  0x000000001d3bd000 JavaThread "springCloudBus.anonymous.t9g-TAjrR-C5k_XlD85gqA-1" [_thread_blocked, id=11852, stack(0x000000002af90000,0x000000002b090000)]
  0x000000001d3bc000 JavaThread "DiscoveryClient-InstanceInfoReplicator-0" daemon [_thread_blocked, id=11484, stack(0x000000002ab40000,0x000000002ac40000)]
  0x000000001d3bb800 JavaThread "DiscoveryClient-1" daemon [_thread_blocked, id=12532, stack(0x000000002ae70000,0x000000002af70000)]
  0x000000001d3ba800 JavaThread "DiscoveryClient-0" daemon [_thread_blocked, id=13308, stack(0x000000002aa40000,0x000000002ab40000)]
  0x000000001d3ba000 JavaThread "AsyncResolver-bootstrap-0" daemon [_thread_blocked, id=11708, stack(0x00000000200d0000,0x00000000201d0000)]
  0x000000001d3b9000 JavaThread "Eureka-JerseyClient-Conn-Cleaner2" daemon [_thread_blocked, id=7976, stack(0x000000002a940000,0x000000002aa40000)]
  0x000000001d3b7800 JavaThread "pool-22-thread-2" [_thread_blocked, id=11516, stack(0x000000001a250000,0x000000001a350000)]
  0x00000000218aa000 JavaThread "AMQP Connection 192.168.2.6:5672" [_thread_in_native, id=13176, stack(0x000000001d810000,0x000000001d910000)]
  0x000000002306d800 JavaThread "File Watcher" daemon [_thread_blocked, id=13092, stack(0x00000000255b0000,0x00000000256b0000)]
  0x000000002306d000 JavaThread "container-0" [_thread_blocked, id=11660, stack(0x0000000020fd0000,0x00000000210d0000)]
  0x000000002306a800 JavaThread "Catalina-utility-2" [_thread_blocked, id=11256, stack(0x00000000243f0000,0x00000000244f0000)]
  0x000000002306b800 JavaThread "Catalina-utility-1" [_thread_blocked, id=10216, stack(0x00000000242c0000,0x00000000243c0000)]
  0x000000002306e800 JavaThread "SimplePauseDetectorThread_0" daemon [_thread_blocked, id=12996, stack(0x0000000023ef0000,0x0000000023ff0000)]
  0x0000000023069000 JavaThread "Thread-24" daemon [_thread_blocked, id=9572, stack(0x00000000203e0000,0x00000000204e0000)]
  0x0000000023068800 JavaThread "AsyncReporter{RabbitMQSender{addresses=[192.168.2.6:5672], queue=zipkin}}" daemon [_thread_blocked, id=1436, stack(0x0000000020890000,0x0000000020990000)]
  0x00000000218a6800 JavaThread "spring.cloud.inetutils" daemon [_thread_blocked, id=13204, stack(0x0000000020a50000,0x0000000020b50000)]
  0x000000001d3b7000 JavaThread "PollingServerListUpdater-1" daemon [_thread_blocked, id=6072, stack(0x000000002ce90000,0x000000002cf90000)]
  0x000000001d3b6000 JavaThread "DataPublisher" daemon [_thread_blocked, id=11632, stack(0x000000002cb50000,0x000000002cc50000)]
  0x000000001ced6000 JavaThread "PollingServerListUpdater-0" daemon [_thread_blocked, id=5356, stack(0x000000002c980000,0x000000002ca80000)]
  0x000000001ced3000 JavaThread "DestroyJavaVM" [_thread_blocked, id=8564, stack(0x0000000003030000,0x0000000003130000)]
  0x00000000218a5800 JavaThread "RxIoScheduler-1 (Evictor)" daemon [_thread_blocked, id=6972, stack(0x0000000027310000,0x0000000027410000)]
  0x000000001cf05000 JavaThread "mysql-cj-abandoned-connection-cleanup" daemon [_thread_blocked, id=13300, stack(0x0000000025e40000,0x0000000025f40000)]
  0x000000001b146000 JavaThread "RMI TCP Accept-0" daemon [_thread_in_native, id=8928, stack(0x000000001c400000,0x000000001c500000)]
  0x000000001af1a000 JavaThread "RMI TCP Accept-51845" daemon [_thread_in_native, id=11664, stack(0x000000001c280000,0x000000001c380000)]
  0x000000001b082800 JavaThread "RMI TCP Accept-0" daemon [_thread_in_native, id=7860, stack(0x000000001c0d0000,0x000000001c1d0000)]
  0x0000000019305800 JavaThread "Service Thread" daemon [_thread_blocked, id=5952, stack(0x000000001a4f0000,0x000000001a5f0000)]
  0x0000000019291800 JavaThread "C1 CompilerThread2" daemon [_thread_blocked, id=9444, stack(0x000000001a030000,0x000000001a130000)]
  0x000000001928a800 JavaThread "C2 CompilerThread1" daemon [_thread_blocked, id=12068, stack(0x000000001a370000,0x000000001a470000)]
  0x0000000019285800 JavaThread "C2 CompilerThread0" daemon [_thread_blocked, id=12752, stack(0x000000001a150000,0x000000001a250000)]
  0x0000000019277800 JavaThread "JDWP Command Reader" daemon [_thread_in_native, id=13252, stack(0x0000000019ba0000,0x0000000019ca0000)]
  0x0000000019274000 JavaThread "JDWP Event Helper Thread" daemon [_thread_blocked, id=8212, stack(0x0000000019ed0000,0x0000000019fd0000)]
  0x000000001926a000 JavaThread "JDWP Transport Listener: dt_socket" daemon [_thread_blocked, id=12892, stack(0x0000000019cd0000,0x0000000019dd0000)]
  0x000000001925f000 JavaThread "Attach Listener" daemon [_thread_blocked, id=10276, stack(0x0000000018d90000,0x0000000018e90000)]
  0x0000000019253000 JavaThread "Signal Dispatcher" daemon [_thread_blocked, id=13068, stack(0x0000000019680000,0x0000000019780000)]
  0x0000000017d3f000 JavaThread "Finalizer" daemon [_thread_blocked, id=12304, stack(0x0000000019010000,0x0000000019110000)]
  0x0000000017d36000 JavaThread "Reference Handler" daemon [_thread_blocked, id=13276, stack(0x0000000019140000,0x0000000019240000)]

Other Threads:
=>0x0000000017d30000 VMThread [stack: 0x0000000018eb0000,0x0000000018fb0000] [id=9692]
  0x000000001b14d800 WatcherThread [stack: 0x000000001c530000,0x000000001c630000] [id=1992]

VM state:at safepoint (normal execution)

VM Mutex/Monitor currently owned by a thread:  ([mutex/lock_event])
[0x0000000002d80620] Threads_lock - owner thread: 0x0000000017d30000

Heap:
 PSYoungGen      total 286720K, used 111011K [0x00000000d5d00000, 0x00000000eab80000, 0x0000000100000000)
  eden space 278528K, 36% used [0x00000000d5d00000,0x00000000dc1a12d0,0x00000000e6d00000)
  from space 8192K, 97% used [0x00000000ea380000,0x00000000eab47cd0,0x00000000eab80000)
  to   space 15360K, 0% used [0x00000000e8d80000,0x00000000e8d80000,0x00000000e9c80000)
 ParOldGen       total 125952K, used 79184K [0x0000000081600000, 0x0000000089100000, 0x00000000d5d00000)
  object space 125952K, 62% used [0x0000000081600000,0x00000000863540e8,0x0000000089100000)
 Metaspace       used 97156K, capacity 101832K, committed 102036K, reserved 1136640K
  class space    used 13241K, capacity 13985K, committed 14012K, reserved 1048576K

Card table byte_map: [0x00000000124f0000,0x00000000128f0000] byte_map_base: 0x00000000120e5000

Marking Bits: (ParMarkBitMap*) 0x000000005656b460
 Begin Bits: [0x0000000013050000, 0x0000000014ff8000)
 End Bits:   [0x0000000014ff8000, 0x0000000016fa0000)

Polling page: 0x0000000002570000

CodeCache: size=245760Kb used=38484Kb max_used=38930Kb free=207275Kb
 bounds [0x0000000003130000, 0x0000000005770000, 0x0000000012130000]
 total_blobs=10264 nmethods=9628 adapters=554
 compilation: enabled

Compilation events (10 events):
Event: 818.354 Thread 0x0000000019291800 11937       3       org.springframework.boot.autoconfigure.logging.ConditionEvaluationReportMessage::addNonMatchLogMessage (226 bytes)
Event: 818.357 Thread 0x0000000019291800 nmethod 11937 0x000000000379aad0 code [0x000000000379b160, 0x000000000379fa38]
Event: 818.361 Thread 0x000000001928a800 nmethod 11885 0x0000000004f71dd0 code [0x0000000004f72280, 0x0000000004f77458]
Event: 818.361 Thread 0x000000001928a800 11938   !   4       java.util.Formatter::format (271 bytes)
Event: 818.362 Thread 0x0000000019285800 nmethod 11892 0x0000000003cf2590 code [0x0000000003cf2720, 0x0000000003cf3398]
Event: 818.362 Thread 0x0000000019285800 11936       4       java.util.Formatter$FormatSpecifier::print (243 bytes)
Event: 818.390 Thread 0x0000000019285800 nmethod 11936 0x0000000004527e90 code [0x00000000045284c0, 0x000000000452a048]
Event: 818.390 Thread 0x0000000019285800 11886       4       java.lang.reflect.Method::specificToGenericStringHeader (48 bytes)
Event: 818.433 Thread 0x0000000019285800 nmethod 11886 0x0000000004587410 code [0x00000000045876c0, 0x0000000004589420]
Event: 818.519 Thread 0x000000001928a800 nmethod 11938 0x0000000004eeba50 code [0x0000000004eec680, 0x0000000004ef3858]

GC Heap History (10 events):
Event: 804.716 GC heap before
{Heap before GC invocations=29 (full 5):
 PSYoungGen      total 272896K, used 271360K [0x00000000d5d00000, 0x00000000ecf80000, 0x0000000100000000)
  eden space 271360K, 100% used [0x00000000d5d00000,0x00000000e6600000,0x00000000e6600000)
  from space 1536K, 0% used [0x00000000eb380000,0x00000000eb380000,0x00000000eb500000)
  to   space 16896K, 0% used [0x00000000ebf00000,0x00000000ebf00000,0x00000000ecf80000)
 ParOldGen       total 125952K, used 57927K [0x0000000081600000, 0x0000000089100000, 0x00000000d5d00000)
  object space 125952K, 45% used [0x0000000081600000,0x0000000084e91db8,0x0000000089100000)
 Metaspace       used 95693K, capacity 100204K, committed 100372K, reserved 1136640K
  class space    used 13164K, capacity 13884K, committed 13884K, reserved 1048576K
Event: 804.749 GC heap after
Heap after GC invocations=29 (full 5):
 PSYoungGen      total 273920K, used 13447K [0x00000000d5d00000, 0x00000000ecc80000, 0x0000000100000000)
  eden space 260096K, 0% used [0x00000000d5d00000,0x00000000d5d00000,0x00000000e5b00000)
  from space 13824K, 97% used [0x00000000ebf00000,0x00000000ecc21c98,0x00000000ecc80000)
  to   space 17920K, 0% used [0x00000000ea980000,0x00000000ea980000,0x00000000ebb00000)
 ParOldGen       total 125952K, used 57935K [0x0000000081600000, 0x0000000089100000, 0x00000000d5d00000)
  object space 125952K, 45% used [0x0000000081600000,0x0000000084e93db8,0x0000000089100000)
 Metaspace       used 95693K, capacity 100204K, committed 100372K, reserved 1136640K
  class space    used 13164K, capacity 13884K, committed 13884K, reserved 1048576K
}
Event: 806.738 GC heap before
{Heap before GC invocations=30 (full 5):
 PSYoungGen      total 273920K, used 273543K [0x00000000d5d00000, 0x00000000ecc80000, 0x0000000100000000)
  eden space 260096K, 100% used [0x00000000d5d00000,0x00000000e5b00000,0x00000000e5b00000)
  from space 13824K, 97% used [0x00000000ebf00000,0x00000000ecc21c98,0x00000000ecc80000)
  to   space 17920K, 0% used [0x00000000ea980000,0x00000000ea980000,0x00000000ebb00000)
 ParOldGen       total 125952K, used 57935K [0x0000000081600000, 0x0000000089100000, 0x00000000d5d00000)
  object space 125952K, 45% used [0x0000000081600000,0x0000000084e93db8,0x0000000089100000)
 Metaspace       used 95857K, capacity 100342K, committed 100500K, reserved 1136640K
  class space    used 13177K, capacity 13897K, committed 14012K, reserved 1048576K
Event: 806.755 GC heap after
Heap after GC invocations=30 (full 5):
 PSYoungGen      total 258048K, used 8570K [0x00000000d5d00000, 0x00000000ebf80000, 0x0000000100000000)
  eden space 249344K, 0% used [0x00000000d5d00000,0x00000000d5d00000,0x00000000e5080000)
  from space 8704K, 98% used [0x00000000ea980000,0x00000000eb1de8b8,0x00000000eb200000)
  to   space 13824K, 0% used [0x00000000eb200000,0x00000000eb200000,0x00000000ebf80000)
 ParOldGen       total 125952K, used 66183K [0x0000000081600000, 0x0000000089100000, 0x00000000d5d00000)
  object space 125952K, 52% used [0x0000000081600000,0x00000000856a1d38,0x0000000089100000)
 Metaspace       used 95857K, capacity 100342K, committed 100500K, reserved 1136640K
  class space    used 13177K, capacity 13897K, committed 14012K, reserved 1048576K
}
Event: 812.111 GC heap before
{Heap before GC invocations=31 (full 5):
 PSYoungGen      total 258048K, used 257914K [0x00000000d5d00000, 0x00000000ebf80000, 0x0000000100000000)
  eden space 249344K, 100% used [0x00000000d5d00000,0x00000000e5080000,0x00000000e5080000)
  from space 8704K, 98% used [0x00000000ea980000,0x00000000eb1de8b8,0x00000000eb200000)
  to   space 13824K, 0% used [0x00000000eb200000,0x00000000eb200000,0x00000000ebf80000)
 ParOldGen       total 125952K, used 66183K [0x0000000081600000, 0x0000000089100000, 0x00000000d5d00000)
  object space 125952K, 52% used [0x0000000081600000,0x00000000856a1d38,0x0000000089100000)
 Metaspace       used 96455K, capacity 100998K, committed 101268K, reserved 1136640K
  class space    used 13198K, capacity 13910K, committed 14012K, reserved 1048576K
Event: 812.126 GC heap after
Heap after GC invocations=31 (full 5):
 PSYoungGen      total 247296K, used 7636K [0x00000000d5d00000, 0x00000000eb980000, 0x0000000100000000)
  eden space 239616K, 0% used [0x00000000d5d00000,0x00000000d5d00000,0x00000000e4700000)
  from space 7680K, 99% used [0x00000000eb200000,0x00000000eb9752b0,0x00000000eb980000)
  to   space 16384K, 0% used [0x00000000e9980000,0x00000000e9980000,0x00000000ea980000)
 ParOldGen       total 125952K, used 70807K [0x0000000081600000, 0x0000000089100000, 0x00000000d5d00000)
  object space 125952K, 56% used [0x0000000081600000,0x0000000085b25d98,0x0000000089100000)
 Metaspace       used 96455K, capacity 100998K, committed 101268K, reserved 1136640K
  class space    used 13198K, capacity 13910K, committed 14012K, reserved 1048576K
}
Event: 813.647 GC heap before
{Heap before GC invocations=32 (full 5):
 PSYoungGen      total 247296K, used 247252K [0x00000000d5d00000, 0x00000000eb980000, 0x0000000100000000)
  eden space 239616K, 100% used [0x00000000d5d00000,0x00000000e4700000,0x00000000e4700000)
  from space 7680K, 99% used [0x00000000eb200000,0x00000000eb9752b0,0x00000000eb980000)
  to   space 16384K, 0% used [0x00000000e9980000,0x00000000e9980000,0x00000000ea980000)
 ParOldGen       total 125952K, used 70807K [0x0000000081600000, 0x0000000089100000, 0x00000000d5d00000)
  object space 125952K, 56% used [0x0000000081600000,0x0000000085b25d98,0x0000000089100000)
 Metaspace       used 96727K, capacity 101320K, committed 101524K, reserved 1136640K
  class space    used 13221K, capacity 13933K, committed 14012K, reserved 1048576K
Event: 813.660 GC heap after
Heap after GC invocations=32 (full 5):
 PSYoungGen      total 240128K, used 9997K [0x00000000d5d00000, 0x00000000eb280000, 0x0000000100000000)
  eden space 229888K, 0% used [0x00000000d5d00000,0x00000000d5d00000,0x00000000e3d80000)
  from space 10240K, 97% used [0x00000000e9980000,0x00000000ea3437f0,0x00000000ea380000)
  to   space 15360K, 0% used [0x00000000ea380000,0x00000000ea380000,0x00000000eb280000)
 ParOldGen       total 125952K, used 74572K [0x0000000081600000, 0x0000000089100000, 0x00000000d5d00000)
  object space 125952K, 59% used [0x0000000081600000,0x0000000085ed3068,0x0000000089100000)
 Metaspace       used 96727K, capacity 101320K, committed 101524K, reserved 1136640K
  class space    used 13221K, capacity 13933K, committed 14012K, reserved 1048576K
}
Event: 815.037 GC heap before
{Heap before GC invocations=33 (full 5):
 PSYoungGen      total 240128K, used 239885K [0x00000000d5d00000, 0x00000000eb280000, 0x0000000100000000)
  eden space 229888K, 100% used [0x00000000d5d00000,0x00000000e3d80000,0x00000000e3d80000)
  from space 10240K, 97% used [0x00000000e9980000,0x00000000ea3437f0,0x00000000ea380000)
  to   space 15360K, 0% used [0x00000000ea380000,0x00000000ea380000,0x00000000eb280000)
 ParOldGen       total 125952K, used 74572K [0x0000000081600000, 0x0000000089100000, 0x00000000d5d00000)
  object space 125952K, 59% used [0x0000000081600000,0x0000000085ed3068,0x0000000089100000)
 Metaspace       used 96899K, capacity 101564K, committed 101780K, reserved 1136640K
  class space    used 13233K, capacity 13947K, committed 14012K, reserved 1048576K
Event: 815.071 GC heap after
Heap after GC invocations=33 (full 5):
 PSYoungGen      total 286720K, used 7967K [0x00000000d5d00000, 0x00000000eab80000, 0x0000000100000000)
  eden space 278528K, 0% used [0x00000000d5d00000,0x00000000d5d00000,0x00000000e6d00000)
  from space 8192K, 97% used [0x00000000ea380000,0x00000000eab47cd0,0x00000000eab80000)
  to   space 15360K, 0% used [0x00000000e8d80000,0x00000000e8d80000,0x00000000e9c80000)
 ParOldGen       total 125952K, used 79184K [0x0000000081600000, 0x0000000089100000, 0x00000000d5d00000)
  object space 125952K, 62% used [0x0000000081600000,0x00000000863540e8,0x0000000089100000)
 Metaspace       used 96899K, capacity 101564K, committed 101780K, reserved 1136640K
  class space    used 13233K, capacity 13947K, committed 14012K, reserved 1048576K
}

Deoptimization events (10 events):
Event: 818.299 Thread 0x00000000218a7000 Uncommon trap: reason=unhandled action=none pc=0x000000000377f270 method=java.net.URLClassLoader$1.run()Ljava/lang/Class; @ 72
Event: 818.299 Thread 0x00000000218a7000 Uncommon trap: reason=unhandled action=none pc=0x000000000377f270 method=java.net.URLClassLoader$1.run()Ljava/lang/Class; @ 72
Event: 818.301 Thread 0x00000000218a7000 Uncommon trap: reason=unhandled action=none pc=0x0000000003f9c1d8 method=java.lang.Class.getMethod(Ljava/lang/String;[Ljava/lang/Class;)Ljava/lang/reflect/Method; @ 61
Event: 818.301 Thread 0x00000000218a7000 Uncommon trap: reason=unhandled action=none pc=0x0000000003f9c1d8 method=java.lang.Class.getMethod(Ljava/lang/String;[Ljava/lang/Class;)Ljava/lang/reflect/Method; @ 61
Event: 818.318 Thread 0x00000000218a7000 Uncommon trap: reason=unhandled action=none pc=0x00000000055f7db8 method=java.lang.Class.getDeclaredMethod(Ljava/lang/String;[Ljava/lang/Class;)Ljava/lang/reflect/Method; @ 64
Event: 818.318 Thread 0x00000000218a7000 Uncommon trap: reason=unhandled action=none pc=0x00000000055f7db8 method=java.lang.Class.getDeclaredMethod(Ljava/lang/String;[Ljava/lang/Class;)Ljava/lang/reflect/Method; @ 64
Event: 818.318 Thread 0x00000000218a7000 Uncommon trap: reason=unhandled action=none pc=0x00000000055f7db8 method=java.lang.Class.getDeclaredMethod(Ljava/lang/String;[Ljava/lang/Class;)Ljava/lang/reflect/Method; @ 64
Event: 818.324 Thread 0x00000000218a7000 Uncommon trap: reason=unhandled action=none pc=0x00000000055f7db8 method=java.lang.Class.getDeclaredMethod(Ljava/lang/String;[Ljava/lang/Class;)Ljava/lang/reflect/Method; @ 64
Event: 818.324 Thread 0x00000000218a7000 Uncommon trap: reason=unhandled action=none pc=0x00000000055f7db8 method=java.lang.Class.getDeclaredMethod(Ljava/lang/String;[Ljava/lang/Class;)Ljava/lang/reflect/Method; @ 64
Event: 818.324 Thread 0x00000000218a7000 Uncommon trap: reason=unhandled action=none pc=0x00000000055f7db8 method=java.lang.Class.getDeclaredMethod(Ljava/lang/String;[Ljava/lang/Class;)Ljava/lang/reflect/Method; @ 64

Internal exceptions (10 events):
Event: 818.259 Thread 0x00000000218a7000 Exception <a 'java/security/PrivilegedActionException'> (0x00000000da2a2780) thrown at [D:\re\workspace\8-2-build-windows-amd64-cygwin\jdk8u20\1074\hotspot\src\share\vm\prims\jvm.cpp, line 1275]
Event: 818.259 Thread 0x00000000218a7000 Exception <a 'java/security/PrivilegedActionException'> (0x00000000da2a3f78) thrown at [D:\re\workspace\8-2-build-windows-amd64-cygwin\jdk8u20\1074\hotspot\src\share\vm\prims\jvm.cpp, line 1275]
Event: 818.259 Thread 0x00000000218a7000 Exception <a 'java/security/PrivilegedActionException'> (0x00000000da2a4890) thrown at [D:\re\workspace\8-2-build-windows-amd64-cygwin\jdk8u20\1074\hotspot\src\share\vm\prims\jvm.cpp, line 1275]
Event: 818.260 Thread 0x00000000218a7000 Exception <a 'java/security/PrivilegedActionException'> (0x00000000da2bb028) thrown at [D:\re\workspace\8-2-build-windows-amd64-cygwin\jdk8u20\1074\hotspot\src\share\vm\prims\jvm.cpp, line 1275]
Event: 818.260 Thread 0x00000000218a7000 Exception <a 'java/lang/ClassNotFoundException': com/efe/ms/serviceconsumer/domain/ProductCustomizer> (0x00000000da2bb400) thrown at [D:\re\workspace\8-2-build-windows-amd64-cygwin\jdk8u20\1074\hotspot\src\share\vm\classfile\systemDictionary.cpp, line 202]Õ“¸Y’‰@
Event: 818.294 Thread 0x00000000218a7000 Exception <a 'java/lang/ArrayIndexOutOfBoundsException': 219> (0x00000000da50b6c0) thrown at [D:\re\workspace\8-2-build-windows-amd64-cygwin\jdk8u20\1074\hotspot\src\share\vm\interpreter\interpreterRuntime.cpp, line 366]
Event: 818.294 Thread 0x00000000218a7000 Exception <a 'java/lang/ArrayIndexOutOfBoundsException': 79> (0x00000000da510af8) thrown at [D:\re\workspace\8-2-build-windows-amd64-cygwin\jdk8u20\1074\hotspot\src\share\vm\interpreter\interpreterRuntime.cpp, line 366]
Event: 818.299 Thread 0x00000000218a7000 Exception <a 'java/security/PrivilegedActionException'> (0x00000000da56bb70) thrown at [D:\re\workspace\8-2-build-windows-amd64-cygwin\jdk8u20\1074\hotspot\src\share\vm\prims\jvm.cpp, line 1275]
Event: 818.299 Thread 0x00000000218a7000 Exception <a 'java/security/PrivilegedActionException'> (0x00000000da56e610) thrown at [D:\re\workspace\8-2-build-windows-amd64-cygwin\jdk8u20\1074\hotspot\src\share\vm\prims\jvm.cpp, line 1275]
Event: 818.299 Thread 0x00000000218a7000 Exception <a 'java/security/PrivilegedActionException'> (0x00000000da5703d0) thrown at [D:\re\workspace\8-2-build-windows-amd64-cygwin\jdk8u20\1074\hotspot\src\share\vm\prims\jvm.cpp, line 1275]

Events (10 events):
Event: 819.634 Executing VM operation: RevokeBias
Event: 819.634 Executing VM operation: RevokeBias done
Event: 822.789 Executing VM operation: RevokeBias
Event: 822.789 Executing VM operation: RevokeBias done
Event: 822.789 Executing VM operation: RevokeBias
Event: 822.789 Executing VM operation: RevokeBias done
Event: 822.790 Executing VM operation: RevokeBias
Event: 822.790 Executing VM operation: RevokeBias done
Event: 822.790 Thread 0x00000000218a8000 Thread exited: 0x00000000218a8000
Event: 823.518 Executing VM operation: RedefineClasses


Dynamic libraries:
0x000000013f090000 - 0x000000013f0c4000 	C:\Program Files\Java\jdk1.8.0_20\bin\javaw.exe
0x0000000077900000 - 0x0000000077a9f000 	C:\Windows\SYSTEM32\ntdll.dll
0x00000000776a0000 - 0x00000000777bf000 	C:\Windows\system32\kernel32.dll
0x000007fefd4c0000 - 0x000007fefd52a000 	C:\Windows\system32\KERNELBASE.dll
0x000007fef89e0000 - 0x000007fef8adc000 	C:\Windows\system32\winhafnt64.dll
0x00000000775a0000 - 0x000000007769a000 	C:\Windows\system32\USER32.dll
0x000007feff590000 - 0x000007feff5f7000 	C:\Windows\system32\GDI32.dll
0x000007feff870000 - 0x000007feff87e000 	C:\Windows\system32\LPK.dll
0x000007feffb20000 - 0x000007feffbeb000 	C:\Windows\system32\USP10.dll
0x000007fefd790000 - 0x000007fefd82f000 	C:\Windows\system32\msvcrt.dll
0x000007feff600000 - 0x000007feff6db000 	C:\Windows\system32\ADVAPI32.dll
0x000007feff880000 - 0x000007feff89f000 	C:\Windows\SYSTEM32\sechost.dll
0x000007feff940000 - 0x000007feffa6d000 	C:\Windows\system32\RPCRT4.dll
0x000007fefc2a0000 - 0x000007fefc2ac000 	C:\Windows\system32\VERSION.dll
0x000007fefbc10000 - 0x000007fefbe04000 	C:\Windows\WinSxS\amd64_microsoft.windows.common-controls_6595b64144ccf1df_6.0.7601.18837_none_fa3b1e3d17594757\COMCTL32.dll
0x000007feff710000 - 0x000007feff781000 	C:\Windows\system32\SHLWAPI.dll
0x000007feff6e0000 - 0x000007feff70e000 	C:\Windows\system32\IMM32.DLL
0x000007fefd680000 - 0x000007fefd789000 	C:\Windows\system32\MSCTF.dll
0x000007fef7ad0000 - 0x000007fef7e63000 	C:\Windows\system32\winhadnt64.dll
0x000007fef9b30000 - 0x000007fef9b48000 	C:\Windows\system32\MPR.dll
0x000007fefe7b0000 - 0x000007feff53a000 	C:\Windows\system32\SHELL32.dll
0x000007fefd830000 - 0x000007fefda2f000 	C:\Windows\system32\ole32.dll
0x000007feff790000 - 0x000007feff86a000 	C:\Windows\system32\OLEAUT32.dll
0x000007feff540000 - 0x000007feff58d000 	C:\Windows\system32\WS2_32.dll
0x000007fefe210000 - 0x000007fefe218000 	C:\Windows\system32\NSI.dll
0x000007fefc850000 - 0x000007fefc8ab000 	C:\Windows\system32\Dnsapi.dll
0x000007fef7e70000 - 0x000007fef8038000 	C:\Windows\system32\DtFrame64.dll
0x0000000180000000 - 0x0000000180031000 	C:\Windows\system32\TIjtdrvd64.dll
0x000007fef78d0000 - 0x000007fef7a12000 	C:\Windows\system32\winbrohca64.dll
0x0000000077ab0000 - 0x0000000077ab7000 	C:\Windows\system32\PSAPI.DLL
0x000007fef9b50000 - 0x000007fef9bc1000 	C:\Windows\system32\winspool.drv
0x0000000002900000 - 0x0000000002a0a000 	C:\Windows\system32\DtsFrame64.dll
0x000007fefe2a0000 - 0x000007fefe337000 	C:\Windows\system32\comdlg32.dll
0x000007fef78c0000 - 0x000007fef78c9000 	C:\Windows\system32\WinUsb.dll
0x0000000061500000 - 0x00000000615d2000 	C:\Program Files\Java\jdk1.8.0_20\jre\bin\msvcr100.dll
0x0000000055d90000 - 0x00000000565e8000 	C:\Program Files\Java\jdk1.8.0_20\jre\bin\server\jvm.dll
0x000007fefab60000 - 0x000007fefab69000 	C:\Windows\system32\WSOCK32.dll
0x000007fefd480000 - 0x000007fefd4bb000 	C:\Windows\system32\WINMM.dll
0x000000006f5a0000 - 0x000000006f5af000 	C:\Program Files\Java\jdk1.8.0_20\jre\bin\verify.dll
0x0000000062a10000 - 0x0000000062a38000 	C:\Program Files\Java\jdk1.8.0_20\jre\bin\java.dll
0x000000006b630000 - 0x000000006b665000 	C:\Program Files\Java\jdk1.8.0_20\jre\bin\jdwp.dll
0x000000006ce30000 - 0x000000006ce38000 	C:\Program Files\Java\jdk1.8.0_20\jre\bin\npt.dll
0x0000000062a80000 - 0x0000000062a96000 	C:\Program Files\Java\jdk1.8.0_20\jre\bin\zip.dll
0x000007fefd220000 - 0x000007fefd22f000 	C:\Windows\system32\profapi.dll
0x000000006b700000 - 0x000000006b709000 	C:\Program Files\Java\jdk1.8.0_20\jre\bin\dt_socket.dll
0x000007fefb320000 - 0x000007fefb335000 	C:\Windows\system32\NLAapi.dll
0x000007fef9420000 - 0x000007fef9435000 	C:\Windows\system32\napinsp.dll
0x000007fef9440000 - 0x000007fef9459000 	C:\Windows\system32\pnrpnsp.dll
0x000007fefc9d0000 - 0x000007fefca25000 	C:\Windows\System32\mswsock.dll
0x000007fef93c0000 - 0x000007fef93cb000 	C:\Windows\System32\winrnr.dll
0x0000000071ee0000 - 0x0000000071f06000 	C:\Program Files\Bonjour\mdnsNSP.dll
0x000007fefb130000 - 0x000007fefb157000 	C:\Windows\system32\Iphlpapi.DLL
0x000007fefb120000 - 0x000007fefb12b000 	C:\Windows\system32\WINNSI.DLL
0x000007fefb020000 - 0x000007fefb073000 	C:\Windows\System32\fwpuclnt.dll
0x000007fef9410000 - 0x000007fef9418000 	C:\Windows\system32\rasadhlp.dll
0x000007fefc3a0000 - 0x000007fefc3a7000 	C:\Windows\System32\wshtcpip.dll
0x000000006b710000 - 0x000000006b71d000 	C:\Program Files\Java\jdk1.8.0_20\jre\bin\management.dll
0x0000000062960000 - 0x000000006297a000 	C:\Program Files\Java\jdk1.8.0_20\jre\bin\net.dll
0x000007fefc9c0000 - 0x000007fefc9c7000 	C:\Windows\System32\wship6.dll
0x0000000062830000 - 0x0000000062841000 	C:\Program Files\Java\jdk1.8.0_20\jre\bin\nio.dll
0x000000001a5f0000 - 0x000000001a79e000 	C:\Windows\system32\winncap364.dll
0x000007fefca50000 - 0x000007fefca68000 	C:\Windows\system32\CRYPTSP.dll
0x000007fefc690000 - 0x000007fefc6d7000 	C:\Windows\system32\rsaenh.dll
0x000007fefd3f0000 - 0x000007fefd40e000 	C:\Windows\system32\USERENV.dll
0x000007fefd080000 - 0x000007fefd08f000 	C:\Windows\system32\CRYPTBASE.dll
0x000007fefafb0000 - 0x000007fefafc1000 	C:\Windows\system32\dhcpcsvc6.DLL
0x000007fefaf90000 - 0x000007fefafa8000 	C:\Windows\system32\dhcpcsvc.DLL
0x00000000614d0000 - 0x00000000614f4000 	C:\Program Files\Java\jdk1.8.0_20\jre\bin\sunec.dll
0x000007fedf6e0000 - 0x000007fedf805000 	C:\Windows\system32\dbghelp.dll

VM Arguments:
jvm_args: -agentlib:jdwp=transport=dt_socket,suspend=y,address=localhost:51850 -Dcom.sun.management.jmxremote -Dcom.sun.management.jmxremote.port=51845 -Dcom.sun.management.jmxremote.authenticate=false -Dcom.sun.management.jmxremote.ssl=false -Dspring.liveBeansView.mbeanDomain -Dspring.application.admin.enabled=true -Dfile.encoding=UTF-8 
java_command: com.efe.ms.serviceconsumer.ServiceConsumerApplication
java_class_path (initial): E:\work\eclipseWorkSpace7\ms-service-consumer\target\classes;E:\maven_db\org\springframework\boot\spring-boot-starter-data-jpa\2.1.3.RELEASE\spring-boot-starter-data-jpa-2.1.3.RELEASE.jar;E:\maven_db\org\springframework\boot\spring-boot-starter-aop\2.1.3.RELEASE\spring-boot-starter-aop-2.1.3.RELEASE.jar;E:\maven_db\org\springframework\spring-aop\5.1.5.RELEASE\spring-aop-5.1.5.RELEASE.jar;E:\maven_db\org\aspectj\aspectjweaver\1.9.2\aspectjweaver-1.9.2.jar;E:\maven_db\org\springframework\boot\spring-boot-starter-jdbc\2.1.3.RELEASE\spring-boot-starter-jdbc-2.1.3.RELEASE.jar;E:\maven_db\com\zaxxer\HikariCP\3.2.0\HikariCP-3.2.0.jar;E:\maven_db\org\springframework\spring-jdbc\5.1.5.RELEASE\spring-jdbc-5.1.5.RELEASE.jar;E:\maven_db\javax\transaction\javax.transaction-api\1.3\javax.transaction-api-1.3.jar;E:\maven_db\javax\xml\bind\jaxb-api\2.3.1\jaxb-api-2.3.1.jar;E:\maven_db\javax\activation\javax.activation-api\1.2.0\javax.activation-api-1.2.0.jar;E:\maven_db\org\hibernate\hibernate-core\5.3.7.Final\hibernate-core-5.3.7.Final.jar;E:\maven_db\org\jboss\logging\jboss-logging\3.3.2.Final\jboss-logging-3.3.2.Final.jar;E:\maven_db\javax\persistence\javax.persistence-api\2.2\javax.persistence-api-2.2.jar;E:\maven_db\org\javassist\javassist\3.23.1-GA\javassist-3.23.1-GA.jar;E:\maven_db\net\bytebuddy\byte-buddy\1.9.10\byte-buddy-1.9.10.jar;E:\maven_db\antlr\antlr\2.7.7\antlr-2.7.7.jar;E:\maven_db\org\jboss\jandex\2.0.5.Final\jandex-2.0.5.Final.jar;E:\maven_db\org\dom4j\dom4j\2.1.1\dom4j-2.1.1.jar;E:\maven_db\org\hibernate\common\hibernate-commons-annotations\5.0.4.Final\hibernate-commons-annotations-5.0.4.Final.jar;E:\maven_db\org\springframework\data\spring-data-jpa\2.1.5.RELEASE\spring-data-jpa-2.1.5.RELEASE.jar;E:\maven_db\org\springframework\data\spring-data-commons\2.1.5.RELEASE\spring-data-commons-2.1.5.RELEASE.jar;E:\maven_db\org\springframework\spring-orm\5.1.5.RELEASE\spring-orm-5.1.5.RELEASE.jar;E:\maven_db\org\springframework\spring-contex
Launcher Type: SUN_STANDARD

Environment Variables:
JAVA_HOME=C:\Program Files\Java\jdk1.8.0_20
CLASSPATH=.;C:\Program Files\Java\jdk1.8.0_20\lib;C:\Program Files\Java\jdk1.8.0_20\lib\tools.jar
PATH=C:\Program Files\Java\jdk1.8.0_20\jre\bin;C:/Program Files/Java/jre1.8.0_20/bin/server;C:/Program Files/Java/jre1.8.0_20/bin;C:/Program Files/Java/jre1.8.0_20/lib/amd64;C:\Program Files (x86)\Common Files\Intel\Shared Files\cpp\bin\Intel64;C:\ProgramData\Oracle\Java\javapath;E:\app\EFE050\product\11.2.0\dbhome_3\bin;C:\Windows\system32;C:\Windows;C:\Windows\System32\Wbem;C:\Windows\System32\WindowsPowerShell\v1.0\;C:\Program Files\Java\jdk1.8.0_20\bin;E:\softWareInstall\svn1.8\bin;E:\devTools\apache-maven-3.3.3\bin;E:\softWareInstall\svn server3.3.1\bin;E:\database_space\mysql-5.5\bin;E:\devTools\consul_0.8.5_windows_amd64;E:\devTools\curl_7_53_1_openssl_nghttp2_x64;E:\softWareInstall\erl9.0\bin\;E:\softWareInstall\putty\;E:\softWareInstall\pythod352\Scripts\;E:\softWareInstall\pythod352\;E:\softWareInstall\SSH secure;E:\softWareInstall\Docker Toolbox;E:\devTools\eclipse-jee-luna-SR2-win32-x86_64\eclipse;
USERNAME=EFE050
OS=Windows_NT
PROCESSOR_IDENTIFIER=Intel64 Family 6 Model 60 Stepping 3, GenuineIntel



---------------  S Y S T E M  ---------------

OS: Windows 7 , 64 bit Build 7601 Service Pack 1

CPU:total 4 (4 cores per cpu, 1 threads per core) family 6 model 60 stepping 3, cmov, cx8, fxsr, mmx, sse, sse2, sse3, ssse3, sse4.1, sse4.2, popcnt, avx, avx2, aes, clmul, erms, lzcnt, tsc, tscinvbit, bmi1, bmi2

Memory: 4k page, physical 8294564k(744344k free), swap 18293968k(1722668k free)

vm_info: Java HotSpot(TM) 64-Bit Server VM (25.20-b23) for windows-amd64 JRE (1.8.0_20-b26), built on Jul 30 2014 13:51:23 by "java_re" with MS VC++ 10.0 (VS2010)

time: Thu Feb 28 14:16:19 2019
elapsed time: 823 seconds (0d 0h 13m 43s)

