08:51:37,991 |-INFO in ch.qos.logback.classic.LoggerContext[default] - Could NOT find resource [logback-test.xml]
08:51:37,992 |-INFO in ch.qos.logback.classic.LoggerContext[default] - Could NOT find resource [logback.groovy]
08:51:37,992 |-INFO in ch.qos.logback.classic.LoggerContext[default] - Found resource [logback.xml] at [file:/E:/work/eclipseWorkSpace8/alibaba-seata/seata-server-0.7.1/conf/logback.xml]
08:51:37,993 |-WARN in ch.qos.logback.classic.LoggerContext[default] - Resource [logback.xml] occurs multiple times on the classpath.
08:51:37,993 |-WARN in ch.qos.logback.classic.LoggerContext[default] - Resource [logback.xml] occurs at [jar:file:/E:/work/eclipseWorkSpace8/alibaba-seata/seata-server-0.7.1/lib/seata-server-0.7.1.jar!/logback.xml]
08:51:37,993 |-WARN in ch.qos.logback.classic.LoggerContext[default] - Resource [logback.xml] occurs at [file:/E:/work/eclipseWorkSpace8/alibaba-seata/seata-server-0.7.1/conf/logback.xml]
08:51:38,047 |-INFO in ch.qos.logback.classic.joran.action.ConfigurationAction - debug attribute not set
08:51:38,052 |-INFO in ch.qos.logback.classic.joran.action.ConfigurationAction - Will scan for changes in [file:/E:/work/eclipseWorkSpace8/alibaba-seata/seata-server-0.7.1/conf/logback.xml] 
08:51:38,052 |-INFO in ch.qos.logback.classic.joran.action.ConfigurationAction - Setting ReconfigureOnChangeTask scanning period to 1 minutes
08:51:38,055 |-INFO in ch.qos.logback.core.joran.action.AppenderAction - About to instantiate appender of type [ch.qos.logback.core.ConsoleAppender]
08:51:38,057 |-INFO in ch.qos.logback.core.joran.action.AppenderAction - Naming appender as [stdout]
08:51:38,104 |-INFO in ch.qos.logback.core.joran.action.AppenderAction - About to instantiate appender of type [ch.qos.logback.core.rolling.RollingFileAppender]
08:51:38,107 |-INFO in ch.qos.logback.core.joran.action.AppenderAction - Naming appender as [seata-default]
08:51:38,114 |-INFO in c.q.l.core.rolling.SizeAndTimeBasedRollingPolicy@1374677625 - Archive files will be limited to [2048 MB] each.
08:51:38,116 |-INFO in c.q.l.core.rolling.SizeAndTimeBasedRollingPolicy@1374677625 - No compression will be used
08:51:38,117 |-INFO in c.q.l.core.rolling.SizeAndTimeBasedRollingPolicy@1374677625 - Will use the pattern C:/Users/EFE050/logs/seata/seata-server.log.%d{yyyy-MM-dd}.%i for the active file
08:51:38,119 |-INFO in ch.qos.logback.core.rolling.SizeAndTimeBasedFNATP@5034c75a - The date pattern is 'yyyy-MM-dd' from file name pattern 'C:/Users/EFE050/logs/seata/seata-server.log.%d{yyyy-MM-dd}.%i'.
08:51:38,119 |-INFO in ch.qos.logback.core.rolling.SizeAndTimeBasedFNATP@5034c75a - Roll-over at midnight.
08:51:38,122 |-INFO in ch.qos.logback.core.rolling.SizeAndTimeBasedFNATP@5034c75a - Setting initial period to Tue Aug 06 18:02:04 CST 2019
08:51:38,124 |-INFO in c.q.l.core.rolling.SizeAndTimeBasedRollingPolicy@1374677625 - Cleaning on start up
08:51:38,124 |-INFO in c.q.l.core.rolling.helper.TimeBasedArchiveRemover - first clean up after appender initialization
08:51:38,125 |-INFO in c.q.l.core.rolling.helper.TimeBasedArchiveRemover - Multiple periods, i.e. 32 periods, seem to have elapsed. This is expected at application start.
08:51:38,125 |-INFO in ch.qos.logback.core.joran.action.NestedComplexPropertyIA - Assuming default type [ch.qos.logback.classic.encoder.PatternLayoutEncoder] for [encoder] property
08:51:38,127 |-INFO in ch.qos.logback.core.rolling.RollingFileAppender[seata-default] - Active log file name: C:\Users\EFE050/logs/seata/seata-server.log
08:51:38,127 |-INFO in ch.qos.logback.core.rolling.RollingFileAppender[seata-default] - File property is set to [C:\Users\EFE050/logs/seata/seata-server.log]
08:51:38,128 |-INFO in ch.qos.logback.classic.joran.action.LoggerAction - Setting additivity of logger [io.seata.server.store.file.FileTransactionStoreManager] to false
08:51:38,128 |-INFO in ch.qos.logback.classic.joran.action.LevelAction - io.seata.server.store.file.FileTransactionStoreManager level set to INFO
08:51:38,128 |-INFO in ch.qos.logback.core.joran.action.AppenderRefAction - Attaching appender named [seata-default] to Logger[io.seata.server.store.file.FileTransactionStoreManager]
08:51:38,129 |-INFO in ch.qos.logback.classic.joran.action.RootLoggerAction - Setting level of ROOT logger to INFO
08:51:38,129 |-INFO in ch.qos.logback.core.joran.action.AppenderRefAction - Attaching appender named [seata-default] to Logger[ROOT]
08:51:38,129 |-INFO in ch.qos.logback.core.joran.action.AppenderRefAction - Attaching appender named [stdout] to Logger[ROOT]
08:51:38,129 |-INFO in ch.qos.logback.classic.joran.action.ConfigurationAction - End of configuration.
08:51:38,130 |-INFO in ch.qos.logback.classic.joran.JoranConfigurator@396a51ab - Registering current configuration as safe fallback point

2019-08-07 08:51:38.207 INFO [main]io.seata.common.loader.EnhancedServiceLoader.loadFile:237 -load ConfigurationProvider[Nacos] extension by class[io.seata.config.nacos.NacosConfigurationProvider]
2019-08-07 08:51:38.890 INFO [main]io.seata.common.loader.EnhancedServiceLoader.loadFile:237 -load DataSourceGenerator[null] extension by class[io.seata.server.store.db.DruidDataSourceGenerator]
2019-08-07 08:51:39.312 INFO [main]io.seata.common.loader.EnhancedServiceLoader.loadFile:237 -load LogStore[DB] extension by class[io.seata.core.store.db.LogStoreDataBaseDAO]
2019-08-07 08:51:39.313 INFO [main]io.seata.common.loader.EnhancedServiceLoader.loadFile:237 -load TransactionStoreManager[DB] extension by class[io.seata.server.store.db.DatabaseTransactionStoreManager]
2019-08-07 08:51:39.313 INFO [main]io.seata.common.loader.EnhancedServiceLoader.loadFile:237 -load SessionManager[DB] extension by class[io.seata.server.session.db.DataBaseSessionManager]
2019-08-07 08:51:41.629 INFO [main]io.seata.core.rpc.netty.AbstractRpcRemotingServer.start:179 -Server started ... 
2019-08-07 08:51:41.702 INFO [main]io.seata.common.loader.EnhancedServiceLoader.loadFile:237 -load RegistryProvider[Nacos] extension by class[io.seata.discovery.registry.nacos.NacosRegistryProvider]
2019-08-07 08:51:42.387 INFO [RetryRollbacking_1]com.alibaba.druid.pool.DruidDataSource.init:947 -{dataSource-1} inited
2019-08-07 08:51:42.439 INFO [TxTimeoutCheck_1]com.alibaba.druid.pool.DruidDataSource.init:947 -{dataSource-2} inited
2019-08-07 08:51:42.440 INFO [AsyncCommitting_1]com.alibaba.druid.pool.DruidDataSource.init:947 -{dataSource-4} inited
2019-08-07 08:51:42.552 INFO [RetryCommitting_1]com.alibaba.druid.pool.DruidDataSource.init:947 -{dataSource-3} inited
终止批处理操作吗(Y/N)? 